# JRE version: OpenJDK Runtime Environment (Red_Hat-19.0.0.0.36-3.rolling.fc36) (19.0+36) (build 19+36)
# Java VM: OpenJDK 64-Bit Server VM (Red_Hat-19.0.0.0.36-3.rolling.fc36) (19+36, mixed mode, sharing, tiered, compressed oops, compressed class ptrs, g1 gc, linux-amd64)
GC Precious Log:
 CardTable entry size: 512
 Card Set container configuration: InlinePtr #cards 5 size 8 Array Of Cards #cards 12 size 40 Howl #buckets 4 coarsen threshold 1843 Howl Bitmap #cards 512 size 80 coarsen threshold 460 Card regions per heap region 1 cards per card region 2048
 CPUs: 8 total, 8 available
 Memory: 7722M
 Large Page Support: Disabled
 NUMA Support: Disabled
 Compressed Oops: Enabled (32-bit)
 Heap Region Size: 1M
 Heap Min Capacity: 8M
 Heap Initial Capacity: 122M
 Heap Max Capacity: 1932M
 Pre-touch: Disabled
 Parallel Workers: 8
 Concurrent Workers: 2
 Concurrent Refinement Workers: 8
 Periodic GC: Disabled
Heap:
 garbage-first heap   total 244736K, used 149748K [0x0000000087400000, 0x0000000100000000)
  region size 1024K, 122 young (124928K), 3 survivors (3072K)
 Metaspace       used 12082K, committed 12352K, reserved 1114112K
  class space    used 1558K, committed 1664K, reserved 1048576K
GC Heap History (16 events):
Event: 0.697 GC heap before
{Heap before GC invocations=0 (full 0):
 garbage-first heap   total 126976K, used 23520K [0x0000000087400000, 0x0000000100000000)
  region size 1024K, 23 young (23552K), 0 survivors (0K)
 Metaspace       used 6288K, committed 6464K, reserved 1114112K
  class space    used 754K, committed 832K, reserved 1048576K
}
Event: 0.699 GC heap after
{Heap after GC invocations=1 (full 0):
 garbage-first heap   total 126976K, used 4020K [0x0000000087400000, 0x0000000100000000)
  region size 1024K, 3 young (3072K), 3 survivors (3072K)
 Metaspace       used 6288K, committed 6464K, reserved 1114112K
  class space    used 754K, committed 832K, reserved 1048576K
}
Event: 1.149 GC heap before
{Heap before GC invocations=1 (full 0):
 garbage-first heap   total 126976K, used 74676K [0x0000000087400000, 0x0000000100000000)
  region size 1024K, 45 young (46080K), 3 survivors (3072K)
 Metaspace       used 11535K, committed 11776K, reserved 1114112K
  class space    used 1506K, committed 1600K, reserved 1048576K
}
Event: 1.154 GC heap after
{Heap after GC invocations=2 (full 0):
 garbage-first heap   total 126976K, used 23178K [0x0000000087400000, 0x0000000100000000)
  region size 1024K, 6 young (6144K), 6 survivors (6144K)
 Metaspace       used 11535K, committed 11776K, reserved 1114112K
  class space    used 1506K, committed 1600K, reserved 1048576K
}
Event: 1.187 GC heap before
{Heap before GC invocations=2 (full 0):
 garbage-first heap   total 126976K, used 76426K [0x0000000087400000, 0x0000000100000000)
  region size 1024K, 58 young (59392K), 6 survivors (6144K)
 Metaspace       used 11558K, committed 11776K, reserved 1114112K
  class space    used 1506K, committed 1600K, reserved 1048576K
}
Event: 1.193 GC heap after
{Heap after GC invocations=3 (full 0):
 garbage-first heap   total 126976K, used 22670K [0x0000000087400000, 0x0000000100000000)
  region size 1024K, 3 young (3072K), 3 survivors (3072K)
 Metaspace       used 11558K, committed 11776K, reserved 1114112K
  class space    used 1506K, committed 1600K, reserved 1048576K
}
Event: 1.229 GC heap before
{Heap before GC invocations=3 (full 0):
 garbage-first heap   total 126976K, used 96398K [0x0000000087400000, 0x0000000100000000)
  region size 1024K, 73 young (74752K), 3 survivors (3072K)
 Metaspace       used 11623K, committed 11840K, reserved 1114112K
  class space    used 1514K, committed 1600K, reserved 1048576K
}
Event: 1.232 GC heap after
{Heap after GC invocations=4 (full 0):
 garbage-first heap   total 126976K, used 24699K [0x0000000087400000, 0x0000000100000000)
  region size 1024K, 3 young (3072K), 3 survivors (3072K)
 Metaspace       used 11623K, committed 11840K, reserved 1114112K
  class space    used 1514K, committed 1600K, reserved 1048576K
}
Event: 1.256 GC heap before
{Heap before GC invocations=4 (full 0):
 garbage-first heap   total 126976K, used 96379K [0x0000000087400000, 0x0000000100000000)
  region size 1024K, 73 young (74752K), 3 survivors (3072K)
 Metaspace       used 11625K, committed 11840K, reserved 1114112K
  class space    used 1514K, committed 1600K, reserved 1048576K
}
Event: 1.259 GC heap after
{Heap after GC invocations=5 (full 0):
 garbage-first heap   total 126976K, used 24756K [0x0000000087400000, 0x0000000100000000)
  region size 1024K, 3 young (3072K), 3 survivors (3072K)
 Metaspace       used 11625K, committed 11840K, reserved 1114112K
  class space    used 1514K, committed 1600K, reserved 1048576K
}
Event: 1.283 GC heap before
{Heap before GC invocations=5 (full 0):
 garbage-first heap   total 126976K, used 98484K [0x0000000087400000, 0x0000000100000000)
  region size 1024K, 73 young (74752K), 3 survivors (3072K)
 Metaspace       used 11629K, committed 11840K, reserved 1114112K
  class space    used 1514K, committed 1600K, reserved 1048576K
}
Event: 1.286 GC heap after
{Heap after GC invocations=6 (full 0):
 garbage-first heap   total 244736K, used 26800K [0x0000000087400000, 0x0000000100000000)
  region size 1024K, 3 young (3072K), 3 survivors (3072K)
 Metaspace       used 11629K, committed 11840K, reserved 1114112K
  class space    used 1514K, committed 1600K, reserved 1048576K
}
Event: 1.316 GC heap before
{Heap before GC invocations=6 (full 0):
 garbage-first heap   total 244736K, used 172208K [0x0000000087400000, 0x0000000100000000)
  region size 1024K, 143 young (146432K), 3 survivors (3072K)
 Metaspace       used 11629K, committed 11840K, reserved 1114112K
  class space    used 1514K, committed 1600K, reserved 1048576K
}
Event: 1.319 GC heap after
{Heap after GC invocations=7 (full 0):
 garbage-first heap   total 244736K, used 28871K [0x0000000087400000, 0x0000000100000000)
  region size 1024K, 3 young (3072K), 3 survivors (3072K)
 Metaspace       used 11629K, committed 11840K, reserved 1114112K
  class space    used 1514K, committed 1600K, reserved 1048576K
}
Event: 1.370 GC heap before
{Heap before GC invocations=7 (full 0):
 garbage-first heap   total 244736K, used 172231K [0x0000000087400000, 0x0000000100000000)
  region size 1024K, 145 young (148480K), 3 survivors (3072K)
 Metaspace       used 11853K, committed 12160K, reserved 1114112K
  class space    used 1541K, committed 1664K, reserved 1048576K
}
Event: 1.372 GC heap after
{Heap after GC invocations=8 (full 0):
 garbage-first heap   total 244736K, used 28916K [0x0000000087400000, 0x0000000100000000)
  region size 1024K, 3 young (3072K), 3 survivors (3072K)
 Metaspace       used 11853K, committed 12160K, reserved 1114112K
  class space    used 1541K, committed 1664K, reserved 1048576K
}

